[Licensing::Module] Trying to connect to existing licensing client channel...
Built from '6000.2/staging' branch; Version is '6000.2.12f1 (e89d5df0e333) revision 15244637'; Using compiler version '194234433'; Build Type 'Release'
[Licensing::IpcConnector] Successfully connected to: "LicenseClient-hp" at "2025-12-02T20:13:15.487626Z"
OS: 'Windows 11  (10.0.26100) 64bit Professional' Language: 'en' Physical Memory: 16260 MB
BatchMode: 1, IsHumanControllingUs: 0, StartBugReporterOnCrash: 0, Is64bit: 1
Date: 2025-12-02T20:13:15Z

COMMAND LINE ARGUMENTS:
D:\unity\Unity Hub\6000.2.12f1\Editor\Unity.exe
-adb2
-batchMode
-noUpm
-name
AssetImportWorker0
-projectPath
D:/New folder/the game/NeonAreana
-logFile
Logs/AssetImportWorker0.log
-srvPort
53118
-job-worker-count
5
-background-job-worker-count
8
-gc-helper-count
1
-name
AssetImport
Successfully changed project path to: D:/New folder/the game/NeonAreana
D:/New folder/the game/NeonAreana
[UnityMemory] Configuration Parameters - Can be set up in boot.config
    "memorysetup-allocator-temp-initial-block-size-main=262144"
    "memorysetup-allocator-temp-initial-block-size-worker=262144"
    "memorysetup-bucket-allocator-granularity=16"
    "memorysetup-bucket-allocator-bucket-count=8"
    "memorysetup-bucket-allocator-block-size=33554432"
    "memorysetup-bucket-allocator-block-count=8"
    "memorysetup-main-allocator-block-size=16777216"
    "memorysetup-thread-allocator-block-size=16777216"
    "memorysetup-gfx-main-allocator-block-size=16777216"
    "memorysetup-gfx-thread-allocator-block-size=16777216"
    "memorysetup-cache-allocator-block-size=4194304"
    "memorysetup-typetree-allocator-block-size=2097152"
    "memorysetup-profiler-bucket-allocator-granularity=16"
    "memorysetup-profiler-bucket-allocator-bucket-count=8"
    "memorysetup-profiler-bucket-allocator-block-size=33554432"
    "memorysetup-profiler-bucket-allocator-block-count=8"
    "memorysetup-profiler-allocator-block-size=16777216"
    "memorysetup-profiler-editor-allocator-block-size=1048576"
    "memorysetup-temp-allocator-size-main=16777216"
    "memorysetup-job-temp-allocator-block-size=2097152"
    "memorysetup-job-temp-allocator-block-size-background=1048576"
    "memorysetup-job-temp-allocator-reduction-small-platforms=262144"
    "memorysetup-temp-allocator-size-background-worker=32768"
    "memorysetup-temp-allocator-size-job-worker=262144"
    "memorysetup-temp-allocator-size-preload-manager=33554432"
    "memorysetup-temp-allocator-size-nav-mesh-worker=65536"
    "memorysetup-temp-allocator-size-audio-worker=65536"
    "memorysetup-temp-allocator-size-cloud-worker=32768"
    "memorysetup-temp-allocator-size-gi-baking-worker=262144"
    "memorysetup-temp-allocator-size-gi-baking-worker=262144"
    "memorysetup-temp-allocator-size-gi-baking-worker=262144"
    "memorysetup-temp-allocator-size-gi-baking-worker=262144"
    "memorysetup-temp-allocator-size-gi-baking-worker=262144"
    "memorysetup-temp-allocator-size-gfx=262144"
Player connection [33760]  Target information:

Player connection [33760]  * "[IP] 169.254.123.69 [Port] 0 [Flags] 2 [Guid] 4254247038 [EditorId] 4254247038 [Version] 1048832 [Id] WindowsEditor(7,DESKTOP-3LOVBUL) [Debug] 1 [PackageName] WindowsEditor [ProjectName] Editor" 

Player connection [33760]  * "[IP] 169.254.123.199 [Port] 0 [Flags] 2 [Guid] 4254247038 [EditorId] 4254247038 [Version] 1048832 [Id] WindowsEditor(7,DESKTOP-3LOVBUL) [Debug] 1 [PackageName] WindowsEditor [ProjectName] Editor" 

Player connection [33760]  * "[IP] 192.168.100.4 [Port] 0 [Flags] 2 [Guid] 4254247038 [EditorId] 4254247038 [Version] 1048832 [Id] WindowsEditor(7,DESKTOP-3LOVBUL) [Debug] 1 [PackageName] WindowsEditor [ProjectName] Editor" 

Player connection [33760] Host joined multi-casting on [225.0.0.222:54997]...
Player connection [33760] Host joined alternative multi-casting on [225.0.0.222:34997]...
JobSystem: Creating JobQueue using job-worker-count value 5
Input System module state changed to: Initialized.
[Physics::Module] Initialized fallback backend.
[Physics::Module] Id: 0xdecafbad
Library Redirect Path: Library/
[Physics::Module] Selected backend.
[Physics::Module] Name: PhysX
[Physics::Module] Id: 0xf2b8ea05
[Physics::Module] SDK Version: 4.1.2
[Physics::Module] Integration Version: 1.0.0
[Physics::Module] Threading Mode: Multi-Threaded
Refreshing native plugins compatible for Editor in 4.98 ms, found 3 plugins.
Preloading 0 native plugins for Editor in 0.00 ms.
Initialize engine version: 6000.2.12f1 (e89d5df0e333)
[Subsystems] Discovering subsystems at path D:/unity/Unity Hub/6000.2.12f1/Editor/Data/Resources/UnitySubsystems
[Subsystems] Discovering subsystems at path D:/New folder/the game/NeonAreana/Assets
GfxDevice: creating device client; kGfxThreadingModeNonThreaded
Direct3D:
    Version:  Direct3D 11.0 [level 11.1]
    Renderer: NVIDIA GeForce GTX 1060 (ID=0x1c60)
    Vendor:   NVIDIA
    VRAM:     6031 MB
    Driver:   32.0.15.6603
Initialize mono
Mono path[0] = 'D:/unity/Unity Hub/6000.2.12f1/Editor/Data/Managed'
Mono path[1] = 'D:/unity/Unity Hub/6000.2.12f1/Editor/Data/MonoBleedingEdge/lib/mono/unityjit-win32'
Mono config path = 'D:/unity/Unity Hub/6000.2.12f1/Editor/Data/MonoBleedingEdge/etc'
Using monoOptions --debugger-agent=transport=dt_socket,embedding=1,server=y,suspend=n,address=127.0.0.1:56228
Begin MonoManager ReloadAssembly
Registering precompiled unity dll's ...
Register platform support module: D:/unity/Unity Hub/6000.2.12f1/Editor/Data/PlaybackEngines/WindowsStandaloneSupport/UnityEditor.WindowsStandalone.Extensions.dll
[Licensing::Module] Licensing is not yet initialized.
[Licensing::Client] Error: HandshakeResponse reported an error:
	ResponseCode: 505
	ResponseStatus: Unsupported protocol version '1.17.4'.
[Licensing::Module] Error: Failed to handshake to channel: "LicenseClient-hp"
[Licensing::IpcConnector] LicenseClient-hp channel disconnected successfully.
[Licensing::IpcConnector] Successfully connected to: "LicenseClient-hp-6000.2.12" at "2025-12-02T20:13:20.35795Z"
[Licensing::Client] Handshaking with LicensingClient:
  Version:                 1.17.4+4293ba1
  Session Id:              17e11fa1b9544da6a22b59b3b650b11b
  Correlation Id:          c8326e5357c75dc26bef32139fab7fd9
  External correlation Id: 423325087511335238
  Machine Id:              GEVvaFoW83KMjov3ZI1gdwYqxEY=
[Licensing::Module] Successfully connected to LicensingClient on channel: "LicenseClient-hp-6000.2.12" (connect: 0.00s, validation: 0.00s, handshake: 4.86s)
[Licensing::IpcConnector] Successfully connected to: "LicenseClient-hp-6000.2.12-notifications" at "2025-12-02T20:13:25.2271364Z"
[Licensing::Module] Licensing Background thread has ended after 9.74s
[Licensing::Module] Licensing is initialized (took 8.32s).
[Licensing::Client] Successfully resolved entitlement details
[Licensing::Module] License group:
  Id: 11270624604872-UnityPersXXXX
  Product: Unity Personal
  Type: Assigned
  Expiration: Unlimited
Register platform support module: D:/unity/Unity Hub/6000.2.12f1/Editor/Data/PlaybackEngines/AndroidPlayer/UnityEditor.Android.Extensions.dll
Registered in 8.330650 seconds.
- Loaded All Assemblies, in  9.312 seconds
Native extension for Android target not found
Android Extension - Scanning For ADB Devices 671 ms
Native extension for WindowsStandalone target not found
Mono: successfully reloaded assembly
- Finished resetting the current domain, in  1.618 seconds
Domain Reload Profiling: 10930ms
	BeginReloadAssembly (315ms)
		ExecutionOrderSort (0ms)
		DisableScriptedObjects (0ms)
		BackupInstance (0ms)
		ReleaseScriptingObjects (0ms)
		CreateAndSetChildDomain (2ms)
	RebuildCommonClasses (102ms)
	RebuildNativeTypeToScriptingClass (32ms)
	initialDomainReloadingComplete (8446ms)
	LoadAllAssembliesAndSetupDomain (416ms)
		LoadAssemblies (313ms)
		RebuildTransferFunctionScriptingTraits (0ms)
		AnalyzeDomain (409ms)
			TypeCache.Refresh (403ms)
				TypeCache.ScanAssembly (372ms)
			BuildScriptInfoCaches (2ms)
			ResolveRequiredComponents (2ms)
	FinalizeReload (1619ms)
		ReleaseScriptCaches (0ms)
		RebuildScriptCaches (0ms)
		SetupLoadedEditorAssemblies (1513ms)
			LogAssemblyErrors (0ms)
			InitializePlatformSupportModulesInManaged (876ms)
			SetLoadedEditorAssemblies (11ms)
			BeforeProcessingInitializeOnLoad (200ms)
			ProcessInitializeOnLoadAttributes (279ms)
			ProcessInitializeOnLoadMethodAttributes (147ms)
			AfterProcessingInitializeOnLoad (0ms)
			EditorAssembliesLoaded (0ms)
		ExecutionOrderSort2 (0ms)
		AwakeInstancesAfterBackupRestoration (0ms)
========================================================================
Worker process is ready to serve import requests
Import Worker Mode flag is 0x00
Begin MonoManager ReloadAssembly
[Licensing::Client] Successfully resolved entitlement details
- Loaded All Assemblies, in  1.566 seconds
Refreshing native plugins compatible for Editor in 4.25 ms, found 3 plugins.
Native extension for Android target not found
Native extension for WindowsStandalone target not found
Package Manager log level set to [2]
[Package Manager] Failed to launch server process. Reason: Unity was launched with the -noUpm command-line argument
[Package Manager] Unable to send message (not connected to server process).
[Package Manager] Cannot connect to Unity Package Manager local server
Mono: successfully reloaded assembly
- Finished resetting the current domain, in  1.711 seconds
Domain Reload Profiling: 3271ms
	BeginReloadAssembly (340ms)
		ExecutionOrderSort (0ms)
		DisableScriptedObjects (23ms)
		BackupInstance (0ms)
		ReleaseScriptingObjects (0ms)
		CreateAndSetChildDomain (60ms)
	RebuildCommonClasses (64ms)
	RebuildNativeTypeToScriptingClass (32ms)
	initialDomainReloadingComplete (88ms)
	LoadAllAssembliesAndSetupDomain (1036ms)
		LoadAssemblies (560ms)
		RebuildTransferFunctionScriptingTraits (0ms)
		AnalyzeDomain (624ms)
			TypeCache.Refresh (397ms)
				TypeCache.ScanAssembly (330ms)
			BuildScriptInfoCaches (199ms)
			ResolveRequiredComponents (17ms)
	FinalizeReload (1712ms)
		ReleaseScriptCaches (0ms)
		RebuildScriptCaches (0ms)
		SetupLoadedEditorAssemblies (1314ms)
			LogAssemblyErrors (0ms)
			InitializePlatformSupportModulesInManaged (24ms)
			SetLoadedEditorAssemblies (11ms)
			BeforeProcessingInitializeOnLoad (290ms)
			ProcessInitializeOnLoadAttributes (916ms)
			ProcessInitializeOnLoadMethodAttributes (68ms)
			AfterProcessingInitializeOnLoad (5ms)
			EditorAssembliesLoaded (0ms)
		ExecutionOrderSort2 (0ms)
		AwakeInstancesAfterBackupRestoration (16ms)
Launched and connected shader compiler UnityShaderCompiler.exe after 0.02 seconds
Refreshing native plugins compatible for Editor in 1.48 ms, found 3 plugins.
Preloading 0 native plugins for Editor in 0.00 ms.
Unloading 0 Unused Serialized files (Serialized files now loaded: 0)
Unloading 3863 unused Assets / (1.4 MB). Loaded Objects now: 4358.
Memory consumption went from 83.0 MB to 81.6 MB.
Total: 17.644800 ms (FindLiveObjects: 0.826100 ms CreateObjectMapping: 1.087700 ms MarkObjects: 12.833500 ms  DeleteObjects: 2.891600 ms)

========================================================================
Received Import Request.
  Time since last request: 171656.002154 seconds.
  path: Assets/Models/Enemies/Zombie
  artifactKey: Guid(7b6183270210e2e46ad92f088f418284) Importer(815301076,1909f56bfc062723c751e8b465ee728b)
Start importing Assets/Models/Enemies/Zombie using Guid(7b6183270210e2e46ad92f088f418284) Importer(815301076,1909f56bfc062723c751e8b465ee728b) (PreviewImporter) -> (artifact id: '2a27d1aa94d8f799d11a5b21113bf411') in 0.0163053 seconds
Number of updated asset objects reloaded before import = 0Number of asset objects unloaded after import = 0

========================================================================
Received Import Request.
  Time since last request: 0.000029 seconds.
  path: Assets/Models/Enemies/Zombie/source
  artifactKey: Guid(9f207cdf79026184aae5202ab85fdedc) Importer(815301076,1909f56bfc062723c751e8b465ee728b)
Start importing Assets/Models/Enemies/Zombie/source using Guid(9f207cdf79026184aae5202ab85fdedc) Importer(815301076,1909f56bfc062723c751e8b465ee728b) (PreviewImporter) -> (artifact id: 'bfdd03d42aa045fc4f61930a51cdedbd') in 0.0010244 seconds
Number of updated asset objects reloaded before import = 0Number of asset objects unloaded after import = 0

========================================================================
Received Import Request.
  Time since last request: 0.000091 seconds.
  path: Assets/Models/Enemies/Zombie/Zombie_Running.fbx
  artifactKey: Guid(b1f9a34a230510e468ed6299ceebcfef) Importer(815301076,1909f56bfc062723c751e8b465ee728b)
Start importing Assets/Models/Enemies/Zombie/Zombie_Running.fbx using Guid(b1f9a34a230510e468ed6299ceebcfef) Importer(815301076,1909f56bfc062723c751e8b465ee728b) (PreviewImporter) -> (artifact id: 'ccba1e49a06dbe92fe49115a6cfd0395') in 0.086673 seconds
Number of updated asset objects reloaded before import = 0Number of asset objects unloaded after import = 135

========================================================================
Received Import Request.
  Time since last request: 38.152609 seconds.
  path: Assets/Editor/ZombieSetupTool.cs
  artifactKey: Guid(aa2868d93f3fe844eb242234c3e315ec) Importer(2089858483,192608db42251d675da83286b1cce702)
Start importing Assets/Editor/ZombieSetupTool.cs using Guid(aa2868d93f3fe844eb242234c3e315ec) Importer(2089858483,192608db42251d675da83286b1cce702) (ScriptedImporter) -> (artifact id: '84359f8cdb13351b52043ba94e3165ce') in 0.1218791 seconds
Number of updated asset objects reloaded before import = 0Number of asset objects unloaded after import = 0

========================================================================
Received Import Request.
  Time since last request: 0.000135 seconds.
  path: Assets/Models/Weapons/Glock/textures/Magazine_normal.png
  artifactKey: Guid(0cac716a7c24f5f44a3740dcb6fe0416) Importer(2089858483,192608db42251d675da83286b1cce702)
Start importing Assets/Models/Weapons/Glock/textures/Magazine_normal.png using Guid(0cac716a7c24f5f44a3740dcb6fe0416) Importer(2089858483,192608db42251d675da83286b1cce702) (ScriptedImporter) -> (artifact id: '8a995f362253cc0516a040db78b806dc') in 0.0820726 seconds
Number of updated asset objects reloaded before import = 0Number of asset objects unloaded after import = 1

========================================================================
Received Import Request.
  Time since last request: 0.000107 seconds.
  path: Assets/Scripts/System/ObjectPool.cs
  artifactKey: Guid(53cd2a9ddfc29aa4f905e1add4255f88) Importer(2089858483,192608db42251d675da83286b1cce702)
Start importing Assets/Scripts/System/ObjectPool.cs using Guid(53cd2a9ddfc29aa4f905e1add4255f88) Importer(2089858483,192608db42251d675da83286b1cce702) (ScriptedImporter) -> (artifact id: 'cc3e9b9693dc78982d8f3d886d04ac1b') in 0.0172277 seconds
Number of updated asset objects reloaded before import = 0Number of asset objects unloaded after import = 0

========================================================================
Received Import Request.
  Time since last request: 0.000105 seconds.
  path: Assets/Scenes/SampleScene.unity
  artifactKey: Guid(9fc0d4010bbf28b4594072e72b8655ab) Importer(2089858483,192608db42251d675da83286b1cce702)
Start importing Assets/Scenes/SampleScene.unity using Guid(9fc0d4010bbf28b4594072e72b8655ab) Importer(2089858483,192608db42251d675da83286b1cce702) (ScriptedImporter) -> (artifact id: '99e5a6d5d5f0edb09571812e4d2415c2') in 0.0155041 seconds
Number of updated asset objects reloaded before import = 0Number of asset objects unloaded after import = 1

========================================================================
Received Import Request.
  Time since last request: 0.000104 seconds.
  path: Assets/Models/Weapons/Glock/textures/Barrel_AO.jpg
  artifactKey: Guid(37397e9f2d7766449a4a88e567384eb2) Importer(2089858483,192608db42251d675da83286b1cce702)
Start importing Assets/Models/Weapons/Glock/textures/Barrel_AO.jpg using Guid(37397e9f2d7766449a4a88e567384eb2) Importer(2089858483,192608db42251d675da83286b1cce702) (ScriptedImporter) -> (artifact id: '4a655fc3773fbe4dc2b3af4c5502ab18') in 0.0283664 seconds
Number of updated asset objects reloaded before import = 0Number of asset objects unloaded after import = 1

========================================================================
Received Import Request.
  Time since last request: 0.000049 seconds.
  path: Assets/Models/Weapons/Glock/textures/Magazine_AO.jpg
  artifactKey: Guid(e7332f1e4eb40d44591d4447dd9047c1) Importer(2089858483,192608db42251d675da83286b1cce702)
Start importing Assets/Models/Weapons/Glock/textures/Magazine_AO.jpg using Guid(e7332f1e4eb40d44591d4447dd9047c1) Importer(2089858483,192608db42251d675da83286b1cce702) (ScriptedImporter) -> (artifact id: 'f26bd891d02c1aebae996a954c77455a') in 0.0344312 seconds
Number of updated asset objects reloaded before import = 0Number of asset objects unloaded after import = 1

========================================================================
Received Import Request.
  Time since last request: 0.000023 seconds.
  path: Assets/Models/Weapons/Glock/textures/Slide_AO.jpg
  artifactKey: Guid(9a277bdec70afc04c9547deffe7d39e7) Importer(2089858483,192608db42251d675da83286b1cce702)
Start importing Assets/Models/Weapons/Glock/textures/Slide_AO.jpg using Guid(9a277bdec70afc04c9547deffe7d39e7) Importer(2089858483,192608db42251d675da83286b1cce702) (ScriptedImporter) -> (artifact id: '2f4ede8bdd7e1df312933b090b66dc83') in 0.0265352 seconds
Number of updated asset objects reloaded before import = 0Number of asset objects unloaded after import = 1

========================================================================
Received Import Request.
  Time since last request: 0.000236 seconds.
  path: Assets/Models/Enemies/Zombie/Zombie_Death.fbx
  artifactKey: Guid(f94d23652131e17488c2468884b967fa) Importer(2089858483,192608db42251d675da83286b1cce702)
Start importing Assets/Models/Enemies/Zombie/Zombie_Death.fbx using Guid(f94d23652131e17488c2468884b967fa) Importer(2089858483,192608db42251d675da83286b1cce702) (ScriptedImporter) -> (artifact id: '656e0610e2c030e741ddb662fed5c295') in 0.0668946 seconds
Number of updated asset objects reloaded before import = 0Number of asset objects unloaded after import = 135

========================================================================
Received Import Request.
  Time since last request: 0.000020 seconds.
  path: Assets/Models/Weapons/Glock/textures/Frame_albedo.jpg
  artifactKey: Guid(ccffda9cf18094b418fd7c02b4484ad5) Importer(2089858483,192608db42251d675da83286b1cce702)
Start importing Assets/Models/Weapons/Glock/textures/Frame_albedo.jpg using Guid(ccffda9cf18094b418fd7c02b4484ad5) Importer(2089858483,192608db42251d675da83286b1cce702) (ScriptedImporter) -> (artifact id: '17a2cb978b49ab1a40f74c49c9b882e2') in 0.0292524 seconds
Number of updated asset objects reloaded before import = 0Number of asset objects unloaded after import = 1

========================================================================
Received Import Request.
  Time since last request: 0.000076 seconds.
  path: Assets/Models/Weapons/Glock/textures/Barrel_metallic.jpg
  artifactKey: Guid(ccbdb552efd11da4a8629879ec29c55f) Importer(2089858483,192608db42251d675da83286b1cce702)
Start importing Assets/Models/Weapons/Glock/textures/Barrel_metallic.jpg using Guid(ccbdb552efd11da4a8629879ec29c55f) Importer(2089858483,192608db42251d675da83286b1cce702) (ScriptedImporter) -> (artifact id: '344f136f04d467dd9f41d60b28ba12ad') in 0.0275194 seconds
Number of updated asset objects reloaded before import = 0Number of asset objects unloaded after import = 1

========================================================================
Received Import Request.
  Time since last request: 0.000048 seconds.
  path: Assets/Resources/Enemies/Zombie/source/model.glb
  artifactKey: Guid(a6f15faa86c4244459b503c35dc098e0) Importer(2089858483,192608db42251d675da83286b1cce702)
Start importing Assets/Resources/Enemies/Zombie/source/model.glb using Guid(a6f15faa86c4244459b503c35dc098e0) Importer(2089858483,192608db42251d675da83286b1cce702) (ScriptedImporter) -> (artifact id: '44f891e374424c9b5fee7d3fb632d488') in 0.0153504 seconds
Number of updated asset objects reloaded before import = 0Number of asset objects unloaded after import = 1

========================================================================
Received Import Request.
  Time since last request: 0.000061 seconds.
  path: Assets/Models/Enemies/Zombie/source/model.glb
  artifactKey: Guid(95aafd0f661daa04a8ac45945228d9fc) Importer(2089858483,192608db42251d675da83286b1cce702)
Start importing Assets/Models/Enemies/Zombie/source/model.glb using Guid(95aafd0f661daa04a8ac45945228d9fc) Importer(2089858483,192608db42251d675da83286b1cce702) (ScriptedImporter) -> (artifact id: '46cd5044d09177767894e07a2581b7e8') in 0.015413 seconds
Number of updated asset objects reloaded before import = 0Number of asset objects unloaded after import = 1

========================================================================
Received Import Request.
  Time since last request: 0.000052 seconds.
  path: Assets/Models/Weapons/Glock/textures/Slide_metallic.jpg
  artifactKey: Guid(f515b23c302b4a142b66777abaa76dba) Importer(2089858483,192608db42251d675da83286b1cce702)
Start importing Assets/Models/Weapons/Glock/textures/Slide_metallic.jpg using Guid(f515b23c302b4a142b66777abaa76dba) Importer(2089858483,192608db42251d675da83286b1cce702) (ScriptedImporter) -> (artifact id: 'fcca78757c0aca4bf36688337aa17e7f') in 0.0288948 seconds
Number of updated asset objects reloaded before import = 0Number of asset objects unloaded after import = 1

========================================================================
Received Import Request.
  Time since last request: 0.000030 seconds.
  path: Assets/Models/Weapons/Glock/textures/Barrel_normal.png
  artifactKey: Guid(f8638e8dd5c44d44ebeac73c3b2ee609) Importer(2089858483,192608db42251d675da83286b1cce702)
Start importing Assets/Models/Weapons/Glock/textures/Barrel_normal.png using Guid(f8638e8dd5c44d44ebeac73c3b2ee609) Importer(2089858483,192608db42251d675da83286b1cce702) (ScriptedImporter) -> (artifact id: 'c3aea983abdfdea09fe9a1bb9f1a810b') in 0.0317911 seconds
Number of updated asset objects reloaded before import = 0Number of asset objects unloaded after import = 1

========================================================================
Received Import Request.
  Time since last request: 0.000029 seconds.
  path: Assets/Models/Weapons/Glock/textures/Slide_normal.png
  artifactKey: Guid(04540a77542b52e46a377597bfe54eb9) Importer(2089858483,192608db42251d675da83286b1cce702)
Start importing Assets/Models/Weapons/Glock/textures/Slide_normal.png using Guid(04540a77542b52e46a377597bfe54eb9) Importer(2089858483,192608db42251d675da83286b1cce702) (ScriptedImporter) -> (artifact id: '484dff0a43e83797bf7c0fc736d2f232') in 0.0296816 seconds
Number of updated asset objects reloaded before import = 0Number of asset objects unloaded after import = 1

========================================================================
Received Import Request.
  Time since last request: 0.000037 seconds.
  path: Assets/Models/Weapons/Glock/textures/Magazine_roughness.jpg
  artifactKey: Guid(f998fc34f0cbda54a9043fa0fcd9958c) Importer(2089858483,192608db42251d675da83286b1cce702)
Start importing Assets/Models/Weapons/Glock/textures/Magazine_roughness.jpg using Guid(f998fc34f0cbda54a9043fa0fcd9958c) Importer(2089858483,192608db42251d675da83286b1cce702) (ScriptedImporter) -> (artifact id: '6c399c27d98671002494d0069761f5cf') in 0.0339001 seconds
Number of updated asset objects reloaded before import = 0Number of asset objects unloaded after import = 1

========================================================================
Received Import Request.
  Time since last request: 0.000046 seconds.
  path: Assets/Scripts/AI/EnemyAI.cs
  artifactKey: Guid(21b79ad5123904942aa5456dcc88e6a1) Importer(2089858483,192608db42251d675da83286b1cce702)
Start importing Assets/Scripts/AI/EnemyAI.cs using Guid(21b79ad5123904942aa5456dcc88e6a1) Importer(2089858483,192608db42251d675da83286b1cce702) (ScriptedImporter) -> (artifact id: 'd6d11b5ae1522925c7b25c8493e23036') in 0.0170046 seconds
Number of updated asset objects reloaded before import = 0Number of asset objects unloaded after import = 0

========================================================================
Received Prepare
Begin MonoManager ReloadAssembly
- Loaded All Assemblies, in  0.916 seconds
Refreshing native plugins compatible for Editor in 1.01 ms, found 3 plugins.
Native extension for Android target not found
Native extension for WindowsStandalone target not found
[Package Manager] Failed to launch server process. Reason: Unity was launched with the -noUpm command-line argument
[Package Manager] Unable to send message (not connected to server process).
[Package Manager] Cannot connect to Unity Package Manager local server
Mono: successfully reloaded assembly
- Finished resetting the current domain, in  1.364 seconds
Domain Reload Profiling: 2283ms
	BeginReloadAssembly (294ms)
		ExecutionOrderSort (0ms)
		DisableScriptedObjects (9ms)
		BackupInstance (0ms)
		ReleaseScriptingObjects (0ms)
		CreateAndSetChildDomain (69ms)
	RebuildCommonClasses (56ms)
	RebuildNativeTypeToScriptingClass (20ms)
	initialDomainReloadingComplete (30ms)
	LoadAllAssembliesAndSetupDomain (518ms)
		LoadAssemblies (413ms)
		RebuildTransferFunctionScriptingTraits (0ms)
		AnalyzeDomain (252ms)
			TypeCache.Refresh (9ms)
				TypeCache.ScanAssembly (0ms)
			BuildScriptInfoCaches (227ms)
			ResolveRequiredComponents (10ms)
	FinalizeReload (1365ms)
		ReleaseScriptCaches (0ms)
		RebuildScriptCaches (0ms)
		SetupLoadedEditorAssemblies (1132ms)
			LogAssemblyErrors (0ms)
			InitializePlatformSupportModulesInManaged (42ms)
			SetLoadedEditorAssemblies (10ms)
			BeforeProcessingInitializeOnLoad (286ms)
			ProcessInitializeOnLoadAttributes (736ms)
			ProcessInitializeOnLoadMethodAttributes (54ms)
			AfterProcessingInitializeOnLoad (4ms)
			EditorAssembliesLoaded (0ms)
		ExecutionOrderSort2 (0ms)
		AwakeInstancesAfterBackupRestoration (13ms)
Refreshing native plugins compatible for Editor in 1.40 ms, found 3 plugins.
Preloading 0 native plugins for Editor in 0.00 ms.
Unloading 0 Unused Serialized files (Serialized files now loaded: 0)
Unloading 3861 unused Assets / (1.1 MB). Loaded Objects now: 4363.
Memory consumption went from 84.0 MB to 82.9 MB.
Total: 14.677700 ms (FindLiveObjects: 0.658400 ms CreateObjectMapping: 1.216200 ms MarkObjects: 10.812900 ms  DeleteObjects: 1.988900 ms)

Prepare: number of updated asset objects reloaded= 0
Editor requested this worker to shutdown with reason: Scaling down because of idle timeout
AssetImportWorker is now disconnected from the server
Process exiting
Exiting without the bug reporter. Application will terminate with return code 0